Aug 20, 2017 4:42:01 PM provera.proveraUtakmica.ProveriUtakmice unesiPonovo
SEVERE: greska prilikom unosenja utakmica preko API-ja nakon provere
Aug 20, 2017 4:42:08 PM javniApi.ApiUtakmice ubaciUtakmice
SEVERE: greska prilikom unosenja utakmica preko API-ja
Aug 20, 2017 7:28:43 PM niti.NitKlijent obradiZahtevKlijenta
INFO: Prijavio se: maki
Aug 20, 2017 7:28:45 PM niti.NitKlijent obradiZahtevKlijenta
INFO: maki je kreirao novi tiket
Aug 20, 2017 7:28:46 PM niti.NitKlijent obradiZahtevKlijenta
INFO: maki trazio sve tipove
Aug 20, 2017 7:28:48 PM niti.NitKlijent obradiZahtevKlijenta
INFO: odjavio se: maki
Aug 20, 2017 11:24:28 PM niti.NitKlijent obradiZahtevKlijenta
INFO: Prijavio se: maki
Aug 20, 2017 11:24:28 PM niti.NitKlijent obradiZahtevKlijenta
INFO: maki je kreirao novi tiket
Aug 20, 2017 11:24:29 PM niti.NitKlijent obradiZahtevKlijenta
INFO: maki trazio sve tipove
Aug 20, 2017 11:24:30 PM niti.NitKlijent obradiZahtevKlijenta
INFO: odjavio se: maki
Aug 20, 2017 11:41:28 PM niti.NitKlijent obradiZahtevKlijenta
INFO: Prijavio se: maki
Aug 20, 2017 11:41:28 PM niti.NitKlijent obradiZahtevKlijenta
INFO: maki je kreirao novi tiket
Aug 20, 2017 11:41:29 PM niti.NitKlijent obradiZahtevKlijenta
INFO: maki trazio sve tipove
Aug 20, 2017 11:41:56 PM niti.NitKlijent obradiZahtevKlijenta
INFO: odjavio se: maki
Aug 20, 2017 11:43:53 PM niti.NitKlijent obradiZahtevKlijenta
INFO: Prijavio se: maki
Aug 20, 2017 11:43:53 PM niti.NitKlijent obradiZahtevKlijenta
INFO: maki je kreirao novi tiket
Aug 20, 2017 11:43:54 PM niti.NitKlijent obradiZahtevKlijenta
INFO: maki trazio sve tipove
Aug 20, 2017 11:44:11 PM niti.NitKlijent obradiZahtevKlijenta
INFO: odjavio se: maki
Aug 21, 2017 12:23:59 AM niti.NitKlijent obradiZahtevKlijenta
INFO: Prijavio se: maki
Aug 21, 2017 12:23:59 AM niti.NitKlijent obradiZahtevKlijenta
INFO: maki je kreirao novi tiket
Aug 21, 2017 12:23:59 AM niti.NitKlijent obradiZahtevKlijenta
INFO: maki trazio sve tipove
Aug 21, 2017 12:24:01 AM niti.NitKlijent obradiZahtevKlijenta
INFO: odjavio se: maki
Aug 21, 2017 12:54:59 AM niti.NitKlijent obradiZahtevKlijenta
INFO: Prijavio se: maki
Aug 21, 2017 12:55:00 AM niti.NitKlijent obradiZahtevKlijenta
INFO: maki je kreirao novi tiket
Aug 21, 2017 12:55:00 AM niti.NitKlijent obradiZahtevKlijenta
INFO: maki trazio sve tipove
Aug 21, 2017 12:55:02 AM niti.NitKlijent obradiZahtevKlijenta
INFO: odjavio se: maki
Aug 21, 2017 10:42:05 AM niti.NitKlijent obradiZahtevKlijenta
INFO: Prijavio se: maki
Aug 21, 2017 10:42:05 AM niti.NitKlijent obradiZahtevKlijenta
INFO: maki je kreirao novi tiket
Aug 21, 2017 10:42:06 AM niti.NitKlijent obradiZahtevKlijenta
INFO: maki trazio sve tipove
Aug 21, 2017 10:42:10 AM niti.NitKlijent obradiZahtevKlijenta
INFO: odjavio se: maki
Aug 21, 2017 10:43:07 AM niti.NitKlijent obradiZahtevKlijenta
INFO: Prijavio se: maki
Aug 21, 2017 10:43:07 AM niti.NitKlijent obradiZahtevKlijenta
INFO: maki je kreirao novi tiket
Aug 21, 2017 10:43:08 AM niti.NitKlijent obradiZahtevKlijenta
INFO: maki trazio sve tipove
Aug 21, 2017 10:43:10 AM niti.NitKlijent obradiZahtevKlijenta
INFO: odjavio se: maki
Aug 21, 2017 11:12:11 AM niti.NitKlijent obradiZahtevKlijenta
INFO: Prijavio se: maki
Aug 21, 2017 11:12:11 AM niti.NitKlijent obradiZahtevKlijenta
INFO: maki je kreirao novi tiket
Aug 21, 2017 11:12:11 AM niti.NitKlijent obradiZahtevKlijenta
INFO: maki trazio sve tipove
Aug 21, 2017 11:12:13 AM niti.NitKlijent obradiZahtevKlijenta
INFO: odjavio se: maki
Aug 21, 2017 11:14:14 AM niti.NitKlijent obradiZahtevKlijenta
INFO: Prijavio se: maki
Aug 21, 2017 11:14:14 AM niti.NitKlijent obradiZahtevKlijenta
INFO: maki je kreirao novi tiket
Aug 21, 2017 11:14:15 AM niti.NitKlijent obradiZahtevKlijenta
INFO: maki trazio sve tipove
Aug 21, 2017 11:14:35 AM niti.NitKlijent obradiZahtevKlijenta
INFO: odjavio se: maki
Aug 21, 2017 11:16:08 AM niti.NitKlijent obradiZahtevKlijenta
INFO: Prijavio se: maki
Aug 21, 2017 11:16:08 AM niti.NitKlijent obradiZahtevKlijenta
INFO: maki je kreirao novi tiket
Aug 21, 2017 11:16:08 AM niti.NitKlijent obradiZahtevKlijenta
INFO: maki trazio sve tipove
Aug 21, 2017 11:16:10 AM niti.NitKlijent obradiZahtevKlijenta
INFO: odjavio se: maki
Aug 21, 2017 12:08:06 PM niti.NitKlijent obradiZahtevKlijenta
INFO: Prijavio se: maki
Aug 21, 2017 12:08:06 PM niti.NitKlijent obradiZahtevKlijenta
INFO: maki je kreirao novi tiket
Aug 21, 2017 12:08:07 PM niti.NitKlijent obradiZahtevKlijenta
INFO: maki trazio sve tipove
Aug 21, 2017 12:08:08 PM niti.NitKlijent obradiZahtevKlijenta
INFO: odjavio se: maki
Aug 21, 2017 12:54:22 PM niti.NitKlijent obradiZahtevKlijenta
INFO: Prijavio se: maki
Aug 21, 2017 12:54:22 PM niti.NitKlijent obradiZahtevKlijenta
INFO: maki je kreirao novi tiket
Aug 21, 2017 12:54:22 PM niti.NitKlijent obradiZahtevKlijenta
INFO: maki trazio sve tipove
Aug 21, 2017 12:54:29 PM niti.NitKlijent obradiZahtevKlijenta
INFO: odjavio se: maki
