Aug 29, 2017 11:48:51 AM javniApi.ApiUtakmice ubaciUtakmice
SEVERE: greska prilikom unosenja utakmica preko API-ja
Aug 29, 2017 11:48:56 AM provera.proveraUtakmica.ProveriUtakmice unesiPonovo
SEVERE: greska prilikom unosenja utakmica preko API-ja nakon provere
Aug 29, 2017 4:18:02 PM niti.NitKlijent obradiZahtevKlijenta
INFO: Prijavio se: maki
Aug 29, 2017 4:18:02 PM niti.NitKlijent obradiZahtevKlijenta
INFO: maki je kreirao novi tiket
Aug 29, 2017 4:18:03 PM niti.NitKlijent obradiZahtevKlijenta
INFO: maki trazio sve tipove
Aug 29, 2017 4:18:20 PM niti.NitKlijent obradiZahtevKlijenta
INFO: maki zatrazio utakmice po zadatom kriterijumu
Aug 29, 2017 4:18:57 PM niti.NitKlijent obradiZahtevKlijenta
INFO: odjavio se: maki
Aug 29, 2017 4:22:19 PM niti.NitKlijent obradiZahtevKlijenta
INFO: Prijavio se: maki
Aug 29, 2017 4:22:19 PM niti.NitKlijent obradiZahtevKlijenta
INFO: maki je kreirao novi tiket
Aug 29, 2017 4:22:20 PM niti.NitKlijent obradiZahtevKlijenta
INFO: maki trazio sve tipove
Aug 29, 2017 4:22:34 PM niti.NitKlijent obradiZahtevKlijenta
INFO: maki zatrazio utakmice po zadatom kriterijumu
Aug 29, 2017 4:22:58 PM niti.NitKlijent obradiZahtevKlijenta
INFO: maki zatrazio utakmice po zadatom kriterijumu
Aug 29, 2017 4:25:58 PM niti.NitKlijent obradiZahtevKlijenta
INFO: maki zatrazio utakmice po zadatom kriterijumu
Aug 29, 2017 4:34:34 PM niti.NitKlijent obradiZahtevKlijenta
INFO: maki zatrazio utakmice po zadatom kriterijumu
Aug 29, 2017 6:00:29 PM niti.NitKlijent obradiZahtevKlijenta
INFO: odjavio se: maki
